<?xml version="1.0" encoding="UTF-8"?>
<!-- Generated by org.testng.reporters.JUnitXMLReporter -->
<testsuite hostname="BDC6-D-87F1N62" ignored="0" name="Test" tests="6" failures="0" timestamp="22 Jan 2020 04:50:44 GMT" time="11.437" errors="0">
  <testcase name="f" time="0.011" classname="testNG.NewTest"/>
  <testcase name="validate_Register" time="0.003" classname="testNG.TestNgdemo"/>
  <testcase name="validate_Sign_on" time="0.002" classname="testNG.TestNgdemo"/>
  <testcase name="validate_contact" time="0.001" classname="testNG.TestNgdemo"/>
  <testcase name="validate_support" time="0.002" classname="testNG.TestNgdemo"/>
  <testcase name="verifyHomepageTitle" time="11.362" classname="testNG.FirstTestingFile"/>
</testsuite> <!-- Test -->
